PLINK v2.00a3.7 64-bit (24 Oct 2022)
Options in effect:
  --bfile sim_barrierhexagon
  --make-bed
  --out sim_barrierhexagon_unrel
  --remove tmp_to_remove_2col.txt

Hostname: mbp.local
Working directory: /Volumes/Data/t1/t1/eems_simulation
Start time: Tue Oct 10 21:01:40 2023

Random number seed: 1696986100
16384 MiB RAM detected; reserving 8192 MiB for main workspace.
Using up to 12 threads (change this with --threads).
2000 samples (0 females, 0 males, 2000 ambiguous; 2000 founders) loaded from
sim_barrierhexagon.fam.
1962 variants loaded from sim_barrierhexagon.bim.
Note: No phenotype data present.
--remove: 1997 samples remaining.
1997 samples (0 females, 0 males, 1997 ambiguous; 1997 founders) remaining
after main filters.
Writing sim_barrierhexagon_unrel.fam ... done.
Writing sim_barrierhexagon_unrel.bim ... done.
Writing sim_barrierhexagon_unrel.bed ... done.

End time: Tue Oct 10 21:01:40 2023
